2025-03-19T10:50:22.456+07:00  INFO 22190 --- [sixt] [restartedMain] com.example.sixt.SixtApplication         : Starting SixtApplication using Java 22.0.1 with PID 22190 (/Users/admin/Documents/sixt/target/classes started by admin in /Users/admin/Documents/sixt)
2025-03-19T10:50:22.459+07:00  INFO 22190 --- [sixt] [restartedMain] com.example.sixt.SixtApplication         : No active profile set, falling back to 1 default profile: "default"
2025-03-19T10:50:22.489+07:00  INFO 22190 --- [sixt] [restartedMain] .e.DevToolsPropertyDefaultsPostProcessor : Devtools property defaults active! Set 'spring.devtools.add-properties' to 'false' to disable
2025-03-19T10:50:22.489+07:00  INFO 22190 --- [sixt] [restartedMain] .e.DevToolsPropertyDefaultsPostProcessor : For additional web related logging consider setting the 'logging.level.web' property to 'DEBUG'
2025-03-19T10:50:23.305+07:00  INFO 22190 --- [sixt] [restartedMain] .s.d.r.c.RepositoryConfigurationDelegate : Multiple Spring Data modules found, entering strict repository configuration mode
2025-03-19T10:50:23.306+07:00  INFO 22190 --- [sixt] [restartedMain] .s.d.r.c.RepositoryConfigurationDelegate : Bootstrapping Spring Data JPA repositories in DEFAULT mode.
2025-03-19T10:50:23.485+07:00  INFO 22190 --- [sixt] [restartedMain] .s.d.r.c.RepositoryConfigurationDelegate : Finished Spring Data repository scanning in 172 ms. Found 6 JPA repository interfaces.
2025-03-19T10:50:23.497+07:00  INFO 22190 --- [sixt] [restartedMain] .s.d.r.c.RepositoryConfigurationDelegate : Multiple Spring Data modules found, entering strict repository configuration mode
2025-03-19T10:50:23.498+07:00  INFO 22190 --- [sixt] [restartedMain] .s.d.r.c.RepositoryConfigurationDelegate : Bootstrapping Spring Data Redis repositories in DEFAULT mode.
2025-03-19T10:50:23.508+07:00  INFO 22190 --- [sixt] [restartedMain] .RepositoryConfigurationExtensionSupport : Spring Data Redis - Could not safely identify store assignment for repository candidate interface com.example.sixt.repositories.AddressRepository; If you want this repository to be a Redis repository, consider annotating your entities with one of these annotations: org.springframework.data.redis.core.RedisHash (preferred), or consider extending one of the following types with your repository: org.springframework.data.keyvalue.repository.KeyValueRepository
2025-03-19T10:50:23.508+07:00  INFO 22190 --- [sixt] [restartedMain] .RepositoryConfigurationExtensionSupport : Spring Data Redis - Could not safely identify store assignment for repository candidate interface com.example.sixt.repositories.DepartmentRepository; If you want this repository to be a Redis repository, consider annotating your entities with one of these annotations: org.springframework.data.redis.core.RedisHash (preferred), or consider extending one of the following types with your repository: org.springframework.data.keyvalue.repository.KeyValueRepository
2025-03-19T10:50:23.508+07:00  INFO 22190 --- [sixt] [restartedMain] .RepositoryConfigurationExtensionSupport : Spring Data Redis - Could not safely identify store assignment for repository candidate interface com.example.sixt.repositories.IdentityDocumentRepository; If you want this repository to be a Redis repository, consider annotating your entities with one of these annotations: org.springframework.data.redis.core.RedisHash (preferred), or consider extending one of the following types with your repository: org.springframework.data.keyvalue.repository.KeyValueRepository
2025-03-19T10:50:23.508+07:00  INFO 22190 --- [sixt] [restartedMain] .RepositoryConfigurationExtensionSupport : Spring Data Redis - Could not safely identify store assignment for repository candidate interface com.example.sixt.repositories.ProgramRepository; If you want this repository to be a Redis repository, consider annotating your entities with one of these annotations: org.springframework.data.redis.core.RedisHash (preferred), or consider extending one of the following types with your repository: org.springframework.data.keyvalue.repository.KeyValueRepository
2025-03-19T10:50:23.509+07:00  INFO 22190 --- [sixt] [restartedMain] .RepositoryConfigurationExtensionSupport : Spring Data Redis - Could not safely identify store assignment for repository candidate interface com.example.sixt.repositories.StudentRepository; If you want this repository to be a Redis repository, consider annotating your entities with one of these annotations: org.springframework.data.redis.core.RedisHash (preferred), or consider extending one of the following types with your repository: org.springframework.data.keyvalue.repository.KeyValueRepository
2025-03-19T10:50:23.509+07:00  INFO 22190 --- [sixt] [restartedMain] .RepositoryConfigurationExtensionSupport : Spring Data Redis - Could not safely identify store assignment for repository candidate interface com.example.sixt.repositories.StudentStatusRepository; If you want this repository to be a Redis repository, consider annotating your entities with one of these annotations: org.springframework.data.redis.core.RedisHash (preferred), or consider extending one of the following types with your repository: org.springframework.data.keyvalue.repository.KeyValueRepository
2025-03-19T10:50:23.509+07:00  INFO 22190 --- [sixt] [restartedMain] .s.d.r.c.RepositoryConfigurationDelegate : Finished Spring Data repository scanning in 4 ms. Found 0 Redis repository interfaces.
2025-03-19T10:50:24.079+07:00  INFO 22190 --- [sixt] [restartedMain] o.s.b.w.embedded.tomcat.TomcatWebServer  : Tomcat initialized with port 8080 (http)
2025-03-19T10:50:24.090+07:00  INFO 22190 --- [sixt] [restartedMain] o.apache.catalina.core.StandardService   : Starting service [Tomcat]
2025-03-19T10:50:24.090+07:00  INFO 22190 --- [sixt] [restartedMain] o.apache.catalina.core.StandardEngine    : Starting Servlet engine: [Apache Tomcat/10.1.36]
2025-03-19T10:50:24.123+07:00  INFO 22190 --- [sixt] [restartedMain] o.a.c.c.C.[Tomcat].[localhost].[/]       : Initializing Spring embedded WebApplicationContext
2025-03-19T10:50:24.124+07:00  INFO 22190 --- [sixt] [restartedMain] w.s.c.ServletWebServerApplicationContext : Root WebApplicationContext: initialization completed in 1633 ms
2025-03-19T10:50:24.353+07:00  WARN 22190 --- [sixt] [restartedMain] i.n.r.d.DnsServerAddressStreamProviders  : Can not find io.netty.resolver.dns.macos.MacOSDnsServerAddressStreamProvider in the classpath, fallback to system defaults. This may result in incorrect DNS resolutions on MacOS. Check whether you have a dependency on 'io.netty:netty-resolver-dns-native-macos'
2025-03-19T10:50:24.536+07:00  INFO 22190 --- [sixt] [restartedMain] o.hibernate.jpa.internal.util.LogHelper  : HHH000204: Processing PersistenceUnitInfo [name: default]
2025-03-19T10:50:24.574+07:00  INFO 22190 --- [sixt] [restartedMain] org.hibernate.Version                    : HHH000412: Hibernate ORM core version 6.6.8.Final
2025-03-19T10:50:24.597+07:00  INFO 22190 --- [sixt] [restartedMain] o.h.c.internal.RegionFactoryInitiator    : HHH000026: Second-level cache disabled
2025-03-19T10:50:24.782+07:00  INFO 22190 --- [sixt] [restartedMain] o.s.o.j.p.SpringPersistenceUnitInfo      : No LoadTimeWeaver setup: ignoring JPA class transformer
2025-03-19T10:50:24.802+07:00  INFO 22190 --- [sixt] [restartedMain] com.zaxxer.hikari.HikariDataSource       : HikariPool-1 - Starting...
2025-03-19T10:50:24.947+07:00  INFO 22190 --- [sixt] [restartedMain] com.zaxxer.hikari.pool.HikariPool        : HikariPool-1 - Added connection org.postgresql.jdbc.PgConnection@5bbc4430
2025-03-19T10:50:24.948+07:00  INFO 22190 --- [sixt] [restartedMain] com.zaxxer.hikari.HikariDataSource       : HikariPool-1 - Start completed.
2025-03-19T10:50:24.987+07:00  WARN 22190 --- [sixt] [restartedMain] org.hibernate.orm.deprecation            : HHH90000025: PostgreSQLDialect does not need to be specified explicitly using 'hibernate.dialect' (remove the property setting and it will be selected by default)
2025-03-19T10:50:25.005+07:00  INFO 22190 --- [sixt] [restartedMain] org.hibernate.orm.connections.pooling    : HHH10001005: Database info:
	Database JDBC URL [Connecting through datasource 'HikariDataSource (HikariPool-1)']
	Database driver: undefined/unknown
	Database version: 17.0
	Autocommit mode: undefined/unknown
	Isolation level: undefined/unknown
	Minimum pool size: undefined/unknown
	Maximum pool size: undefined/unknown
2025-03-19T10:50:25.642+07:00  INFO 22190 --- [sixt] [restartedMain] o.h.e.t.j.p.i.JtaPlatformInitiator       : HHH000489: No JTA platform available (set 'hibernate.transaction.jta.platform' to enable JTA platform integration)
2025-03-19T10:50:25.708+07:00  INFO 22190 --- [sixt] [restartedMain] j.LocalContainerEntityManagerFactoryBean : Initialized JPA EntityManagerFactory for persistence unit 'default'
2025-03-19T10:50:25.897+07:00  INFO 22190 --- [sixt] [restartedMain] o.s.d.j.r.query.QueryEnhancerFactory     : Hibernate is in classpath; If applicable, HQL parser will be used.
2025-03-19T10:50:26.669+07:00  INFO 22190 --- [sixt] [restartedMain] org.redisson.Version                     : Redisson 3.36.0
2025-03-19T10:50:26.806+07:00  INFO 22190 --- [sixt] [redisson-netty-4-6] o.redisson.connection.ConnectionsHolder  : 1 connections initialized for localhost/127.0.0.1:6379
2025-03-19T10:50:26.907+07:00  INFO 22190 --- [sixt] [redisson-netty-4-20] o.redisson.connection.ConnectionsHolder  : 24 connections initialized for localhost/127.0.0.1:6379
2025-03-19T10:50:27.175+07:00  WARN 22190 --- [sixt] [restartedMain] JpaBaseConfiguration$JpaWebConfiguration : spring.jpa.open-in-view is enabled by default. Therefore, database queries may be performed during view rendering. Explicitly configure spring.jpa.open-in-view to disable this warning
2025-03-19T10:50:27.919+07:00  INFO 22190 --- [sixt] [restartedMain] o.s.b.d.a.OptionalLiveReloadServer       : LiveReload server is running on port 35729
2025-03-19T10:50:27.928+07:00  INFO 22190 --- [sixt] [restartedMain] o.s.b.a.e.web.EndpointLinksResolver      : Exposing 1 endpoint beneath base path '/actuator'
2025-03-19T10:50:28.008+07:00  INFO 22190 --- [sixt] [restartedMain] o.s.b.w.embedded.tomcat.TomcatWebServer  : Tomcat started on port 8080 (http) with context path '/'
2025-03-19T10:50:28.024+07:00  INFO 22190 --- [sixt] [restartedMain] com.example.sixt.SixtApplication         : Started SixtApplication in 5.85 seconds (process running for 6.515)
2025-03-19T10:50:28.525+07:00  INFO 22190 --- [sixt] [RMI TCP Connection(2)-192.168.1.3] o.a.c.c.C.[Tomcat].[localhost].[/]       : Initializing Spring DispatcherServlet 'dispatcherServlet'
2025-03-19T10:50:28.526+07:00  INFO 22190 --- [sixt] [RMI TCP Connection(2)-192.168.1.3] o.s.web.servlet.DispatcherServlet        : Initializing Servlet 'dispatcherServlet'
2025-03-19T10:50:28.527+07:00  INFO 22190 --- [sixt] [RMI TCP Connection(2)-192.168.1.3] o.s.web.servlet.DispatcherServlet        : Completed initialization in 1 ms
2025-03-19T10:50:31.979+07:00  WARN 22190 --- [sixt] [redisson-netty-4-22] org.redisson.connection.DNSMonitor       : Use Proxy mode to utilize all ip addresses: [redis://127.0.0.1:6379, redis://0:0:0:0:0:0:0:1:6379]
2025-03-19T10:51:07.843+07:00  INFO 22190 --- [sixt] [SpringApplicationShutdownHook] o.s.b.w.e.tomcat.GracefulShutdown        : Commencing graceful shutdown. Waiting for active requests to complete
2025-03-19T10:51:07.848+07:00  INFO 22190 --- [sixt] [tomcat-shutdown] o.s.b.w.e.tomcat.GracefulShutdown        : Graceful shutdown complete
2025-03-19T10:51:08.000+07:00  INFO 22190 --- [sixt] [SpringApplicationShutdownHook] j.LocalContainerEntityManagerFactoryBean : Closing JPA EntityManagerFactory for persistence unit 'default'
2025-03-19T10:51:08.004+07:00  INFO 22190 --- [sixt] [SpringApplicationShutdownHook] com.zaxxer.hikari.HikariDataSource       : HikariPool-1 - Shutdown initiated...
2025-03-19T10:51:08.014+07:00  INFO 22190 --- [sixt] [SpringApplicationShutdownHook] com.zaxxer.hikari.HikariDataSource       : HikariPool-1 - Shutdown completed.
2025-03-19T10:51:58.618+07:00  INFO 22501 --- [sixt] [restartedMain] com.example.sixt.SixtApplication         : Starting SixtApplication using Java 22.0.1 with PID 22501 (/Users/admin/Documents/sixt/target/classes started by admin in /Users/admin/Documents/sixt)
2025-03-19T10:51:58.620+07:00  INFO 22501 --- [sixt] [restartedMain] com.example.sixt.SixtApplication         : No active profile set, falling back to 1 default profile: "default"
2025-03-19T10:51:58.656+07:00  INFO 22501 --- [sixt] [restartedMain] .e.DevToolsPropertyDefaultsPostProcessor : Devtools property defaults active! Set 'spring.devtools.add-properties' to 'false' to disable
2025-03-19T10:51:58.657+07:00  INFO 22501 --- [sixt] [restartedMain] .e.DevToolsPropertyDefaultsPostProcessor : For additional web related logging consider setting the 'logging.level.web' property to 'DEBUG'
2025-03-19T10:52:00.094+07:00  INFO 22501 --- [sixt] [restartedMain] .s.d.r.c.RepositoryConfigurationDelegate : Multiple Spring Data modules found, entering strict repository configuration mode
2025-03-19T10:52:00.095+07:00  INFO 22501 --- [sixt] [restartedMain] .s.d.r.c.RepositoryConfigurationDelegate : Bootstrapping Spring Data JPA repositories in DEFAULT mode.
2025-03-19T10:52:00.360+07:00  INFO 22501 --- [sixt] [restartedMain] .s.d.r.c.RepositoryConfigurationDelegate : Finished Spring Data repository scanning in 258 ms. Found 6 JPA repository interfaces.
2025-03-19T10:52:00.377+07:00  INFO 22501 --- [sixt] [restartedMain] .s.d.r.c.RepositoryConfigurationDelegate : Multiple Spring Data modules found, entering strict repository configuration mode
2025-03-19T10:52:00.379+07:00  INFO 22501 --- [sixt] [restartedMain] .s.d.r.c.RepositoryConfigurationDelegate : Bootstrapping Spring Data Redis repositories in DEFAULT mode.
2025-03-19T10:52:00.390+07:00  INFO 22501 --- [sixt] [restartedMain] .RepositoryConfigurationExtensionSupport : Spring Data Redis - Could not safely identify store assignment for repository candidate interface com.example.sixt.repositories.AddressRepository; If you want this repository to be a Redis repository, consider annotating your entities with one of these annotations: org.springframework.data.redis.core.RedisHash (preferred), or consider extending one of the following types with your repository: org.springframework.data.keyvalue.repository.KeyValueRepository
2025-03-19T10:52:00.390+07:00  INFO 22501 --- [sixt] [restartedMain] .RepositoryConfigurationExtensionSupport : Spring Data Redis - Could not safely identify store assignment for repository candidate interface com.example.sixt.repositories.DepartmentRepository; If you want this repository to be a Redis repository, consider annotating your entities with one of these annotations: org.springframework.data.redis.core.RedisHash (preferred), or consider extending one of the following types with your repository: org.springframework.data.keyvalue.repository.KeyValueRepository
2025-03-19T10:52:00.390+07:00  INFO 22501 --- [sixt] [restartedMain] .RepositoryConfigurationExtensionSupport : Spring Data Redis - Could not safely identify store assignment for repository candidate interface com.example.sixt.repositories.IdentityDocumentRepository; If you want this repository to be a Redis repository, consider annotating your entities with one of these annotations: org.springframework.data.redis.core.RedisHash (preferred), or consider extending one of the following types with your repository: org.springframework.data.keyvalue.repository.KeyValueRepository
2025-03-19T10:52:00.390+07:00  INFO 22501 --- [sixt] [restartedMain] .RepositoryConfigurationExtensionSupport : Spring Data Redis - Could not safely identify store assignment for repository candidate interface com.example.sixt.repositories.ProgramRepository; If you want this repository to be a Redis repository, consider annotating your entities with one of these annotations: org.springframework.data.redis.core.RedisHash (preferred), or consider extending one of the following types with your repository: org.springframework.data.keyvalue.repository.KeyValueRepository
2025-03-19T10:52:00.391+07:00  INFO 22501 --- [sixt] [restartedMain] .RepositoryConfigurationExtensionSupport : Spring Data Redis - Could not safely identify store assignment for repository candidate interface com.example.sixt.repositories.StudentRepository; If you want this repository to be a Redis repository, consider annotating your entities with one of these annotations: org.springframework.data.redis.core.RedisHash (preferred), or consider extending one of the following types with your repository: org.springframework.data.keyvalue.repository.KeyValueRepository
2025-03-19T10:52:00.391+07:00  INFO 22501 --- [sixt] [restartedMain] .RepositoryConfigurationExtensionSupport : Spring Data Redis - Could not safely identify store assignment for repository candidate interface com.example.sixt.repositories.StudentStatusRepository; If you want this repository to be a Redis repository, consider annotating your entities with one of these annotations: org.springframework.data.redis.core.RedisHash (preferred), or consider extending one of the following types with your repository: org.springframework.data.keyvalue.repository.KeyValueRepository
2025-03-19T10:52:00.391+07:00  INFO 22501 --- [sixt] [restartedMain] .s.d.r.c.RepositoryConfigurationDelegate : Finished Spring Data repository scanning in 5 ms. Found 0 Redis repository interfaces.
2025-03-19T10:52:00.998+07:00  INFO 22501 --- [sixt] [restartedMain] o.s.b.w.embedded.tomcat.TomcatWebServer  : Tomcat initialized with port 8080 (http)
2025-03-19T10:52:01.007+07:00  INFO 22501 --- [sixt] [restartedMain] o.apache.catalina.core.StandardService   : Starting service [Tomcat]
2025-03-19T10:52:01.007+07:00  INFO 22501 --- [sixt] [restartedMain] o.apache.catalina.core.StandardEngine    : Starting Servlet engine: [Apache Tomcat/10.1.36]
2025-03-19T10:52:01.034+07:00  INFO 22501 --- [sixt] [restartedMain] o.a.c.c.C.[Tomcat].[localhost].[/]       : Initializing Spring embedded WebApplicationContext
2025-03-19T10:52:01.034+07:00  INFO 22501 --- [sixt] [restartedMain] w.s.c.ServletWebServerApplicationContext : Root WebApplicationContext: initialization completed in 2377 ms
2025-03-19T10:52:01.263+07:00  WARN 22501 --- [sixt] [restartedMain] i.n.r.d.DnsServerAddressStreamProviders  : Can not find io.netty.resolver.dns.macos.MacOSDnsServerAddressStreamProvider in the classpath, fallback to system defaults. This may result in incorrect DNS resolutions on MacOS. Check whether you have a dependency on 'io.netty:netty-resolver-dns-native-macos'
2025-03-19T10:52:01.436+07:00  INFO 22501 --- [sixt] [restartedMain] o.hibernate.jpa.internal.util.LogHelper  : HHH000204: Processing PersistenceUnitInfo [name: default]
2025-03-19T10:52:01.476+07:00  INFO 22501 --- [sixt] [restartedMain] org.hibernate.Version                    : HHH000412: Hibernate ORM core version 6.6.8.Final
2025-03-19T10:52:01.501+07:00  INFO 22501 --- [sixt] [restartedMain] o.h.c.internal.RegionFactoryInitiator    : HHH000026: Second-level cache disabled
2025-03-19T10:52:01.682+07:00  INFO 22501 --- [sixt] [restartedMain] o.s.o.j.p.SpringPersistenceUnitInfo      : No LoadTimeWeaver setup: ignoring JPA class transformer
2025-03-19T10:52:01.701+07:00  INFO 22501 --- [sixt] [restartedMain] com.zaxxer.hikari.HikariDataSource       : HikariPool-1 - Starting...
2025-03-19T10:52:01.906+07:00  INFO 22501 --- [sixt] [restartedMain] com.zaxxer.hikari.pool.HikariPool        : HikariPool-1 - Added connection org.postgresql.jdbc.PgConnection@3ba7801
2025-03-19T10:52:01.907+07:00  INFO 22501 --- [sixt] [restartedMain] com.zaxxer.hikari.HikariDataSource       : HikariPool-1 - Start completed.
2025-03-19T10:52:01.939+07:00  WARN 22501 --- [sixt] [restartedMain] org.hibernate.orm.deprecation            : HHH90000025: PostgreSQLDialect does not need to be specified explicitly using 'hibernate.dialect' (remove the property setting and it will be selected by default)
2025-03-19T10:52:01.950+07:00  INFO 22501 --- [sixt] [restartedMain] org.hibernate.orm.connections.pooling    : HHH10001005: Database info:
	Database JDBC URL [Connecting through datasource 'HikariDataSource (HikariPool-1)']
	Database driver: undefined/unknown
	Database version: 17.0
	Autocommit mode: undefined/unknown
	Isolation level: undefined/unknown
	Minimum pool size: undefined/unknown
	Maximum pool size: undefined/unknown
2025-03-19T10:52:02.675+07:00  INFO 22501 --- [sixt] [restartedMain] o.h.e.t.j.p.i.JtaPlatformInitiator       : HHH000489: No JTA platform available (set 'hibernate.transaction.jta.platform' to enable JTA platform integration)
2025-03-19T10:52:02.738+07:00  INFO 22501 --- [sixt] [restartedMain] j.LocalContainerEntityManagerFactoryBean : Initialized JPA EntityManagerFactory for persistence unit 'default'
2025-03-19T10:52:02.999+07:00  INFO 22501 --- [sixt] [restartedMain] o.s.d.j.r.query.QueryEnhancerFactory     : Hibernate is in classpath; If applicable, HQL parser will be used.
2025-03-19T10:52:03.704+07:00  INFO 22501 --- [sixt] [restartedMain] org.redisson.Version                     : Redisson 3.36.0
2025-03-19T10:52:03.802+07:00  INFO 22501 --- [sixt] [redisson-netty-4-5] o.redisson.connection.ConnectionsHolder  : 1 connections initialized for localhost/127.0.0.1:6379
2025-03-19T10:52:03.881+07:00  INFO 22501 --- [sixt] [redisson-netty-4-20] o.redisson.connection.ConnectionsHolder  : 24 connections initialized for localhost/127.0.0.1:6379
2025-03-19T10:52:04.158+07:00  WARN 22501 --- [sixt] [restartedMain] JpaBaseConfiguration$JpaWebConfiguration : spring.jpa.open-in-view is enabled by default. Therefore, database queries may be performed during view rendering. Explicitly configure spring.jpa.open-in-view to disable this warning
2025-03-19T10:52:04.886+07:00  INFO 22501 --- [sixt] [restartedMain] o.s.b.d.a.OptionalLiveReloadServer       : LiveReload server is running on port 35729
2025-03-19T10:52:04.893+07:00  INFO 22501 --- [sixt] [restartedMain] o.s.b.a.e.web.EndpointLinksResolver      : Exposing 1 endpoint beneath base path '/actuator'
2025-03-19T10:52:04.975+07:00  INFO 22501 --- [sixt] [restartedMain] o.s.b.w.embedded.tomcat.TomcatWebServer  : Tomcat started on port 8080 (http) with context path '/'
2025-03-19T10:52:04.989+07:00  INFO 22501 --- [sixt] [restartedMain] com.example.sixt.SixtApplication         : Started SixtApplication in 6.768 seconds (process running for 8.803)
2025-03-19T10:52:05.589+07:00  INFO 22501 --- [sixt] [RMI TCP Connection(1)-192.168.1.3] o.a.c.c.C.[Tomcat].[localhost].[/]       : Initializing Spring DispatcherServlet 'dispatcherServlet'
2025-03-19T10:52:05.589+07:00  INFO 22501 --- [sixt] [RMI TCP Connection(1)-192.168.1.3] o.s.web.servlet.DispatcherServlet        : Initializing Servlet 'dispatcherServlet'
2025-03-19T10:52:05.590+07:00  INFO 22501 --- [sixt] [RMI TCP Connection(1)-192.168.1.3] o.s.web.servlet.DispatcherServlet        : Completed initialization in 1 ms
2025-03-19T10:52:08.903+07:00  WARN 22501 --- [sixt] [redisson-netty-4-22] org.redisson.connection.DNSMonitor       : Use Proxy mode to utilize all ip addresses: [redis://127.0.0.1:6379, redis://0:0:0:0:0:0:0:1:6379]
2025-03-19T10:52:24.897+07:00  INFO 22501 --- [sixt] [http-nio-8080-exec-1] c.e.s.services.impl.StudentServiceImpl   : Student added successfully.
2025-03-19T10:52:24.944+07:00  INFO 22501 --- [sixt] [http-nio-8080-exec-1] c.e.sixt.controllers.StudentController   : Student added successfully
2025-03-19T10:52:52.226+07:00  INFO 22501 --- [sixt] [SpringApplicationShutdownHook] o.s.b.w.e.tomcat.GracefulShutdown        : Commencing graceful shutdown. Waiting for active requests to complete
2025-03-19T10:52:52.230+07:00  INFO 22501 --- [sixt] [tomcat-shutdown] o.s.b.w.e.tomcat.GracefulShutdown        : Graceful shutdown complete
2025-03-19T10:52:52.388+07:00  INFO 22501 --- [sixt] [SpringApplicationShutdownHook] j.LocalContainerEntityManagerFactoryBean : Closing JPA EntityManagerFactory for persistence unit 'default'
2025-03-19T10:52:52.392+07:00  INFO 22501 --- [sixt] [SpringApplicationShutdownHook] com.zaxxer.hikari.HikariDataSource       : HikariPool-1 - Shutdown initiated...
2025-03-19T10:52:52.394+07:00  INFO 22501 --- [sixt] [SpringApplicationShutdownHook] com.zaxxer.hikari.HikariDataSource       : HikariPool-1 - Shutdown completed.
